<?xml version="1.0" encoding="UTF-8"?>
<testsuite xmlns:xsi="http://www.w3.org/2001/XMLSchema-instance" xsi:noNamespaceSchemaLocation="https://maven.apache.org/surefire/maven-surefire-plugin/xsd/surefire-test-report-3.0.xsd" version="3.0" name="com.renderMovies.MovieAPI.MovieApiApplicationTests" time="10.173" tests="1" errors="0" skipped="0" failures="0">
  <properties>
[...]
</properties>
  <testcase name="contextLoads" classname="com.renderMovies.MovieAPI.MovieApiApplicationTests" time="2.272">
    <system-out><![CDATA[16:10:40.219 [main] INFO org.springframework.test.context.support.AnnotationConfigContextLoaderUtils -- Could not detect default configuration classes for test class [com.renderMovies.MovieAPI.MovieApiApplicationTests]: MovieApiApplicationTests does not declare any static, non-private, non-final, nested classes annotated with @Configuration.
16:10:40.786 [main] INFO org.springframework.boot.test.context.SpringBootTestContextBootstrapper -- Found @SpringBootConfiguration com.renderMovies.MovieAPI.MovieApiApplication for test class com.renderMovies.MovieAPI.MovieApiApplicationTests
16:10:41.339 [main] INFO org.springframework.boot.devtools.restart.RestartApplicationListener -- Restart disabled due to context in which it is running

  .   ____          _            __ _ _
 /\\ / ___'_ __ _ _(_)_ __  __ _ \ \ \ \
( ( )\___ | '_ | '_| | '_ \/ _` | \ \ \ \
 \\/  ___)| |_)| | | | | || (_| |  ) ) ) )
  '  |____| .__|_| |_|_| |_\__, | / / / /
 =========|_|==============|___/=/_/_/_/
 :: Spring Boot ::                (v3.1.5)

2023-10-27T16:10:41.926+05:30  INFO 14232 --- [           main] m.p.springdotenv.DotenvPropertySource    : Initializing Dotenv with DotenvConfig{directory=null, filename=null, ignoreIfMalformed=false, ignoreIfMissing=true, systemProperties=false, prefix=null}
2023-10-27T16:10:41.960+05:30  INFO 14232 --- [           main] c.r.MovieAPI.MovieApiApplicationTests    : Starting MovieApiApplicationTests using Java 18.0.2.1 with PID 14232 (started by Sarthak in C:\React project\git movies\MovieAPI)
2023-10-27T16:10:41.962+05:30  INFO 14232 --- [           main] c.r.MovieAPI.MovieApiApplicationTests    : No active profile set, falling back to 1 default profile: "default"
2023-10-27T16:10:43.564+05:30  INFO 14232 --- [           main] .s.d.r.c.RepositoryConfigurationDelegate : Bootstrapping Spring Data MongoDB repositories in DEFAULT mode.
2023-10-27T16:10:43.717+05:30  INFO 14232 --- [           main] .s.d.r.c.RepositoryConfigurationDelegate : Finished Spring Data repository scanning in 142 ms. Found 2 MongoDB repository interfaces.
2023-10-27T16:10:45.150+05:30  INFO 14232 --- [           main] org.mongodb.driver.client                : MongoClient with metadata {"driver": {"name": "mongo-java-driver|sync|spring-boot", "version": "4.9.1"}, "os": {"type": "Windows", "name": "Windows 11", "architecture": "amd64", "version": "10.0"}, "platform": "Java/Oracle Corporation/18.0.2.1+1-1"} created with settings MongoClientSettings{readPreference=primary, writeConcern=WriteConcern{w=null, wTimeout=null ms, journal=null}, retryWrites=true, retryReads=true, readConcern=ReadConcern{level=null}, credential=MongoCredential{mechanism=null, userName='sarthak', source='admin', password=<hidden>, mechanismProperties=<hidden>}, streamFactoryFactory=null, commandListeners=[], codecRegistry=ProvidersCodecRegistry{codecProviders=[ValueCodecProvider{}, BsonValueCodecProvider{}, DBRefCodecProvider{}, DBObjectCodecProvider{}, DocumentCodecProvider{}, CollectionCodecProvider{}, IterableCodecProvider{}, MapCodecProvider{}, GeoJsonCodecProvider{}, GridFSFileCodecProvider{}, Jsr310CodecProvider{}, JsonObjectCodecProvider{}, BsonCodecProvider{}, EnumCodecProvider{}, com.mongodb.client.model.mql.ExpressionCodecProvider@5b20706, com.mongodb.Jep395RecordCodecProvider@16aed49f]}, loggerSettings=LoggerSettings{maxDocumentLength=1000}, clusterSettings={hosts=[127.0.0.1:27017], srvHost=cluster0.7nca0bi.mongodb.net, srvServiceName=mongodb, mode=MULTIPLE, requiredClusterType=REPLICA_SET, requiredReplicaSetName='atlas-84e4k8-shard-0', serverSelector='null', clusterListeners='[]', serverSelectionTimeout='30000 ms', localThreshold='30000 ms'}, socketSettings=SocketSettings{connectTimeoutMS=10000, readTimeoutMS=0, receiveBufferSize=0, sendBufferSize=0}, heartbeatSocketSettings=SocketSettings{connectTimeoutMS=10000, readTimeoutMS=10000, receiveBufferSize=0, sendBufferSize=0}, connectionPoolSettings=ConnectionPoolSettings{maxSize=100, minSize=0, maxWaitTimeMS=120000, maxConnectionLifeTimeMS=0, maxConnectionIdleTimeMS=0, maintenanceInitialDelayMS=0, maintenanceFrequencyMS=60000, connectionPoolListeners=[], maxConnecting=2}, serverSettings=ServerSettings{heartbeatFrequencyMS=10000, minHeartbeatFrequencyMS=500, serverListeners='[]', serverMonitorListeners='[]'}, sslSettings=SslSettings{enabled=true, invalidHostNameAllowed=false, context=null}, applicationName='null', compressorList=[], uuidRepresentation=JAVA_LEGACY, serverApi=null, autoEncryptionSettings=null, contextProvider=null}
2023-10-27T16:10:45.270+05:30  INFO 14232 --- [0bi.mongodb.net] org.mongodb.driver.cluster               : Adding discovered server ac-s6xrmfg-shard-00-00.7nca0bi.mongodb.net:27017 to client view of cluster
2023-10-27T16:10:45.387+05:30  INFO 14232 --- [0bi.mongodb.net] org.mongodb.driver.cluster               : Adding discovered server ac-s6xrmfg-shard-00-01.7nca0bi.mongodb.net:27017 to client view of cluster
2023-10-27T16:10:45.391+05:30  INFO 14232 --- [0bi.mongodb.net] org.mongodb.driver.cluster               : Adding discovered server ac-s6xrmfg-shard-00-02.7nca0bi.mongodb.net:27017 to client view of cluster
2023-10-27T16:10:46.651+05:30  INFO 14232 --- [ngodb.net:27017] org.mongodb.driver.cluster               : Monitor thread successfully connected to server with description ServerDescription{address=ac-s6xrmfg-shard-00-01.7nca0bi.mongodb.net:27017, type=REPLICA_SET_SECONDARY, state=CONNECTED, ok=true, minWireVersion=0, maxWireVersion=17, maxDocumentSize=16777216, logicalSessionTimeoutMinutes=30, roundTripTimeNanos=424809300, setName='atlas-84e4k8-shard-0', canonicalAddress=ac-s6xrmfg-shard-00-01.7nca0bi.mongodb.net:27017, hosts=[ac-s6xrmfg-shard-00-01.7nca0bi.mongodb.net:27017, ac-s6xrmfg-shard-00-02.7nca0bi.mongodb.net:27017, ac-s6xrmfg-shard-00-00.7nca0bi.mongodb.net:27017], passives=[], arbiters=[], primary='ac-s6xrmfg-shard-00-02.7nca0bi.mongodb.net:27017', tagSet=TagSet{[Tag{name='availabilityZone', value='asia-south1-b'}, Tag{name='nodeType', value='ELECTABLE'}, Tag{name='provider', value='GCP'}, Tag{name='region', value='ASIA_SOUTH_1'}, Tag{name='workloadType', value='OPERATIONAL'}]}, electionId=null, setVersion=5, topologyVersion=TopologyVersion{processId=65329aa639b323d7c08eed64, counter=4}, lastWriteDate=Fri Oct 27 16:10:45 IST 2023, lastUpdateTimeNanos=68348834621799}
2023-10-27T16:10:46.690+05:30  INFO 14232 --- [ngodb.net:27017] org.mongodb.driver.cluster               : Monitor thread successfully connected to server with description ServerDescription{address=ac-s6xrmfg-shard-00-00.7nca0bi.mongodb.net:27017, type=REPLICA_SET_SECONDARY, state=CONNECTED, ok=true, minWireVersion=0, maxWireVersion=17, maxDocumentSize=16777216, logicalSessionTimeoutMinutes=30, roundTripTimeNanos=431123400, setName='atlas-84e4k8-shard-0', canonicalAddress=ac-s6xrmfg-shard-00-00.7nca0bi.mongodb.net:27017, hosts=[ac-s6xrmfg-shard-00-01.7nca0bi.mongodb.net:27017, ac-s6xrmfg-shard-00-02.7nca0bi.mongodb.net:27017, ac-s6xrmfg-shard-00-00.7nca0bi.mongodb.net:27017], passives=[], arbiters=[], primary='ac-s6xrmfg-shard-00-02.7nca0bi.mongodb.net:27017', tagSet=TagSet{[Tag{name='availabilityZone', value='asia-south1-a'}, Tag{name='nodeType', value='ELECTABLE'}, Tag{name='provider', value='GCP'}, Tag{name='region', value='ASIA_SOUTH_1'}, Tag{name='workloadType', value='OPERATIONAL'}]}, electionId=null, setVersion=5, topologyVersion=TopologyVersion{processId=6532987563b9e0fd4a8c0296, counter=5}, lastWriteDate=Fri Oct 27 16:10:45 IST 2023, lastUpdateTimeNanos=68348834621799}
2023-10-27T16:10:47.646+05:30  INFO 14232 --- [           main] c.r.MovieAPI.MovieApiApplicationTests    : Started MovieApiApplicationTests in 6.356 seconds (process running for 9.321)
2023-10-27T16:10:48.358+05:30  INFO 14232 --- [ngodb.net:27017] org.mongodb.driver.cluster               : Monitor thread successfully connected to server with description ServerDescription{address=ac-s6xrmfg-shard-00-02.7nca0bi.mongodb.net:27017, type=REPLICA_SET_PRIMARY, state=CONNECTED, ok=true, minWireVersion=0, maxWireVersion=17, maxDocumentSize=16777216, logicalSessionTimeoutMinutes=30, roundTripTimeNanos=2157920900, setName='atlas-84e4k8-shard-0', canonicalAddress=ac-s6xrmfg-shard-00-02.7nca0bi.mongodb.net:27017, hosts=[ac-s6xrmfg-shard-00-01.7nca0bi.mongodb.net:27017, ac-s6xrmfg-shard-00-02.7nca0bi.mongodb.net:27017, ac-s6xrmfg-shard-00-00.7nca0bi.mongodb.net:27017], passives=[], arbiters=[], primary='ac-s6xrmfg-shard-00-02.7nca0bi.mongodb.net:27017', tagSet=TagSet{[Tag{name='availabilityZone', value='asia-south1-c'}, Tag{name='nodeType', value='ELECTABLE'}, Tag{name='provider', value='GCP'}, Tag{name='region', value='ASIA_SOUTH_1'}, Tag{name='workloadType', value='OPERATIONAL'}]}, electionId=7fffffff0000000000000256, setVersion=5, topologyVersion=TopologyVersion{processId=653299b9c19bced9030f0203, counter=7}, lastWriteDate=Fri Oct 27 16:10:47 IST 2023, lastUpdateTimeNanos=68350561422200}
2023-10-27T16:10:48.361+05:30  INFO 14232 --- [ngodb.net:27017] org.mongodb.driver.cluster               : Discovered replica set primary ac-s6xrmfg-shard-00-02.7nca0bi.mongodb.net:27017 with max election id 7fffffff0000000000000256 and max set version 5
]]></system-out>
  </testcase>
</testsuite>