<?xml version="1.0" encoding="UTF-8"?>
<testsuite xmlns:xsi="http://www.w3.org/2001/XMLSchema-instance" xsi:noNamespaceSchemaLocation="https://maven.apache.org/surefire/maven-surefire-plugin/xsd/surefire-test-report-3.0.xsd" version="3.0" name="com.renderMovies.MovieAPI.MovieApiApplicationTests" time="8.015" tests="1" errors="0" skipped="0" failures="0">
  <properties>
[...]
</properties>
  <testcase name="contextLoads" classname="com.renderMovies.MovieAPI.MovieApiApplicationTests" time="1.465">
    <system-out><![CDATA[18:51:52.580 [main] INFO org.springframework.test.context.support.AnnotationConfigContextLoaderUtils -- Could not detect default configuration classes for test class [com.renderMovies.MovieAPI.MovieApiApplicationTests]: MovieApiApplicationTests does not declare any static, non-private, non-final, nested classes annotated with @Configuration.
18:51:53.068 [main] INFO org.springframework.boot.test.context.SpringBootTestContextBootstrapper -- Found @SpringBootConfiguration com.renderMovies.MovieAPI.MovieApiApplication for test class com.renderMovies.MovieAPI.MovieApiApplicationTests
18:51:53.531 [main] INFO org.springframework.boot.devtools.restart.RestartApplicationListener -- Restart disabled due to context in which it is running

  .   ____          _            __ _ _
 /\\ / ___'_ __ _ _(_)_ __  __ _ \ \ \ \
( ( )\___ | '_ | '_| | '_ \/ _` | \ \ \ \
 \\/  ___)| |_)| | | | | || (_| |  ) ) ) )
  '  |____| .__|_| |_|_| |_\__, | / / / /
 =========|_|==============|___/=/_/_/_/
 :: Spring Boot ::                (v3.1.5)

2023-10-25T18:51:54.114+05:30  INFO 22648 --- [           main] m.p.springdotenv.DotenvPropertySource    : Initializing Dotenv with DotenvConfig{directory=null, filename=null, ignoreIfMalformed=false, ignoreIfMissing=true, systemProperties=false, prefix=null}
2023-10-25T18:51:54.152+05:30  INFO 22648 --- [           main] c.r.MovieAPI.MovieApiApplicationTests    : Starting MovieApiApplicationTests using Java 18.0.2.1 with PID 22648 (started by Sarthak in C:\React project\git movies\MovieAPI)
2023-10-25T18:51:54.156+05:30  INFO 22648 --- [           main] c.r.MovieAPI.MovieApiApplicationTests    : No active profile set, falling back to 1 default profile: "default"
2023-10-25T18:51:55.633+05:30  INFO 22648 --- [           main] .s.d.r.c.RepositoryConfigurationDelegate : Bootstrapping Spring Data MongoDB repositories in DEFAULT mode.
2023-10-25T18:51:55.925+05:30  INFO 22648 --- [           main] .s.d.r.c.RepositoryConfigurationDelegate : Finished Spring Data repository scanning in 274 ms. Found 2 MongoDB repository interfaces.
2023-10-25T18:51:57.148+05:30  INFO 22648 --- [           main] org.mongodb.driver.client                : MongoClient with metadata {"driver": {"name": "mongo-java-driver|sync|spring-boot", "version": "4.9.1"}, "os": {"type": "Windows", "name": "Windows 11", "architecture": "amd64", "version": "10.0"}, "platform": "Java/Oracle Corporation/18.0.2.1+1-1"} created with settings MongoClientSettings{readPreference=primary, writeConcern=WriteConcern{w=null, wTimeout=null ms, journal=null}, retryWrites=true, retryReads=true, readConcern=ReadConcern{level=null}, credential=MongoCredential{mechanism=null, userName='sarthak', source='admin', password=<hidden>, mechanismProperties=<hidden>}, streamFactoryFactory=null, commandListeners=[], codecRegistry=ProvidersCodecRegistry{codecProviders=[ValueCodecProvider{}, BsonValueCodecProvider{}, DBRefCodecProvider{}, DBObjectCodecProvider{}, DocumentCodecProvider{}, CollectionCodecProvider{}, IterableCodecProvider{}, MapCodecProvider{}, GeoJsonCodecProvider{}, GridFSFileCodecProvider{}, Jsr310CodecProvider{}, JsonObjectCodecProvider{}, BsonCodecProvider{}, EnumCodecProvider{}, com.mongodb.client.model.mql.ExpressionCodecProvider@6824b913, com.mongodb.Jep395RecordCodecProvider@756aadfc]}, loggerSettings=LoggerSettings{maxDocumentLength=1000}, clusterSettings={hosts=[127.0.0.1:27017], srvHost=cluster0.7nca0bi.mongodb.net, srvServiceName=mongodb, mode=MULTIPLE, requiredClusterType=REPLICA_SET, requiredReplicaSetName='atlas-84e4k8-shard-0', serverSelector='null', clusterListeners='[]', serverSelectionTimeout='30000 ms', localThreshold='30000 ms'}, socketSettings=SocketSettings{connectTimeoutMS=10000, readTimeoutMS=0, receiveBufferSize=0, sendBufferSize=0}, heartbeatSocketSettings=SocketSettings{connectTimeoutMS=10000, readTimeoutMS=10000, receiveBufferSize=0, sendBufferSize=0}, connectionPoolSettings=ConnectionPoolSettings{maxSize=100, minSize=0, maxWaitTimeMS=120000, maxConnectionLifeTimeMS=0, maxConnectionIdleTimeMS=0, maintenanceInitialDelayMS=0, maintenanceFrequencyMS=60000, connectionPoolListeners=[], maxConnecting=2}, serverSettings=ServerSettings{heartbeatFrequencyMS=10000, minHeartbeatFrequencyMS=500, serverListeners='[]', serverMonitorListeners='[]'}, sslSettings=SslSettings{enabled=true, invalidHostNameAllowed=false, context=null}, applicationName='null', compressorList=[], uuidRepresentation=JAVA_LEGACY, serverApi=null, autoEncryptionSettings=null, contextProvider=null}
2023-10-25T18:51:57.233+05:30  INFO 22648 --- [0bi.mongodb.net] org.mongodb.driver.cluster               : Adding discovered server ac-s6xrmfg-shard-00-00.7nca0bi.mongodb.net:27017 to client view of cluster
2023-10-25T18:51:57.278+05:30  INFO 22648 --- [0bi.mongodb.net] org.mongodb.driver.cluster               : Adding discovered server ac-s6xrmfg-shard-00-01.7nca0bi.mongodb.net:27017 to client view of cluster
2023-10-25T18:51:57.279+05:30  INFO 22648 --- [0bi.mongodb.net] org.mongodb.driver.cluster               : Adding discovered server ac-s6xrmfg-shard-00-02.7nca0bi.mongodb.net:27017 to client view of cluster
2023-10-25T18:51:58.705+05:30  INFO 22648 --- [           main] c.r.MovieAPI.MovieApiApplicationTests    : Started MovieApiApplicationTests in 5.202 seconds (process running for 7.972)
2023-10-25T18:51:58.755+05:30  INFO 22648 --- [ngodb.net:27017] org.mongodb.driver.cluster               : Monitor thread successfully connected to server with description ServerDescription{address=ac-s6xrmfg-shard-00-01.7nca0bi.mongodb.net:27017, type=REPLICA_SET_SECONDARY, state=CONNECTED, ok=true, minWireVersion=0, maxWireVersion=17, maxDocumentSize=16777216, logicalSessionTimeoutMinutes=30, roundTripTimeNanos=985965400, setName='atlas-84e4k8-shard-0', canonicalAddress=ac-s6xrmfg-shard-00-01.7nca0bi.mongodb.net:27017, hosts=[ac-s6xrmfg-shard-00-01.7nca0bi.mongodb.net:27017, ac-s6xrmfg-shard-00-02.7nca0bi.mongodb.net:27017, ac-s6xrmfg-shard-00-00.7nca0bi.mongodb.net:27017], passives=[], arbiters=[], primary='ac-s6xrmfg-shard-00-02.7nca0bi.mongodb.net:27017', tagSet=TagSet{[Tag{name='availabilityZone', value='asia-south1-b'}, Tag{name='nodeType', value='ELECTABLE'}, Tag{name='provider', value='GCP'}, Tag{name='region', value='ASIA_SOUTH_1'}, Tag{name='workloadType', value='OPERATIONAL'}]}, electionId=null, setVersion=5, topologyVersion=TopologyVersion{processId=65329aa639b323d7c08eed64, counter=4}, lastWriteDate=Wed Oct 25 18:51:57 IST 2023, lastUpdateTimeNanos=1057651125543000}
2023-10-25T18:52:00.045+05:30  INFO 22648 --- [ngodb.net:27017] org.mongodb.driver.cluster               : Monitor thread successfully connected to server with description ServerDescription{address=ac-s6xrmfg-shard-00-00.7nca0bi.mongodb.net:27017, type=REPLICA_SET_SECONDARY, state=CONNECTED, ok=true, minWireVersion=0, maxWireVersion=17, maxDocumentSize=16777216, logicalSessionTimeoutMinutes=30, roundTripTimeNanos=89530200, setName='atlas-84e4k8-shard-0', canonicalAddress=ac-s6xrmfg-shard-00-00.7nca0bi.mongodb.net:27017, hosts=[ac-s6xrmfg-shard-00-01.7nca0bi.mongodb.net:27017, ac-s6xrmfg-shard-00-02.7nca0bi.mongodb.net:27017, ac-s6xrmfg-shard-00-00.7nca0bi.mongodb.net:27017], passives=[], arbiters=[], primary='ac-s6xrmfg-shard-00-02.7nca0bi.mongodb.net:27017', tagSet=TagSet{[Tag{name='availabilityZone', value='asia-south1-a'}, Tag{name='nodeType', value='ELECTABLE'}, Tag{name='provider', value='GCP'}, Tag{name='region', value='ASIA_SOUTH_1'}, Tag{name='workloadType', value='OPERATIONAL'}]}, electionId=null, setVersion=5, topologyVersion=TopologyVersion{processId=6532987563b9e0fd4a8c0296, counter=5}, lastWriteDate=Wed Oct 25 18:51:59 IST 2023, lastUpdateTimeNanos=1057652426538599}
]]></system-out>
  </testcase>
</testsuite>